<?xml version="1.0" encoding="UTF-8"?>
<!-- Generated by org.testng.reporters.JUnitXMLReporter -->
<testsuite hostname="DESKTOP-B75F35K" ignored="2" name="Default test" tests="20" failures="0" timestamp="01 Nov 2018 17:17:54 GMT" time="416.264" errors="0">
  <testcase name="ValidateLogin" time="84.356" classname="smokeTest.ValidateSmokeTest"/>
  <testcase name="ValidateMarkITPlacePage" time="3.408" classname="smokeTest.ValidateSmokeTest"/>
  <testcase name="ValidateManageTab" time="14.583" classname="smokeTest.ValidateSmokeTest"/>
  <testcase name="ValidateInsightTab" time="5.523" classname="smokeTest.ValidateSmokeTest"/>
  <testcase name="ValidateNotificationPage" time="57.731" classname="smokeTest.ValidateSmokeTest"/>
  <testcase name="ValidateLogo" time="7.745" classname="smokeTest.ValidateSmokeTest"/>
  <testcase name="ValidateMyProfile" time="26.177" classname="smokeTest.ValidateSmokeTest"/>
  <testcase name="ValidateEditProfile" time="24.016" classname="smokeTest.ValidateSmokeTest"/>
  <testcase name="ValidateChangePassword" time="30.301" classname="smokeTest.ValidateSmokeTest"/>
  <testcase name="ValidateAccountSettings" time="12.127" classname="smokeTest.ValidateSmokeTest"/>
  <testcase name="ValidateCatalogRestriction" time="8.476" classname="smokeTest.ValidateSmokeTest"/>
  <testcase name="ValidateDomainLink" time="16.721" classname="smokeTest.ValidateSmokeTest"/>
  <testcase name="ValidateSetNotifications" time="11.14" classname="smokeTest.ValidateSmokeTest"/>
  <testcase name="ValidateAddressPage" time="48.542" classname="smokeTest.ValidateSmokeTest"/>
  <testcase name="ValidateUsersPage" time="31.237" classname="smokeTest.ValidateSmokeTest"/>
  <testcase name="ValidateRequestTab" time="2.37" classname="smokeTest.ValidateSmokeTest"/>
  <testcase name="ValidateInviteTab" time="2.333" classname="smokeTest.ValidateSmokeTest"/>
  <testcase name="ValidateLogout" time="4.96" classname="smokeTest.ValidateSmokeTest"/>
  <testcase name="ValidateForgetPswd" time="9.251" classname="smokeTest.ValidateSmokeTest"/>
  <testcase name="ValidateRegPage" time="14.419" classname="smokeTest.ValidateSmokeTest"/>
  <testcase name="ValidateLoginUser" time="0.0" classname="smokeTest.ValidateSmokeTest">
    <ignored/>
  </testcase> <!-- ValidateLoginUser -->
  <testcase name="ValidateMyAccountList" time="0.0" classname="smokeTest.ValidateSmokeTest">
    <ignored/>
  </testcase> <!-- ValidateMyAccountList -->
</testsuite> <!-- Default test -->
